This is pdfTeX, Version 3.14159265-2.6-1.40.20 (TeX Live 2019) (preloaded format=pdflatex 2020.3.29)  11 JUL 2020 19:28
entering extended mode
 restricted \write18 enabled.
 %&-line parsing enabled.
**2a-fase-trabajo-estadiﾌ《tica.tex
(./2a-fase-trabajo-estadiﾌ《tica.tex
LaTeX2e <2020-02-02> patch level 5
L3 programming layer <2020-02-25>
(/Users/maribelcrespivalero/Library/TinyTeX/texmf-dist/tex/latex/base/article.c
ls
Document Class: article 2019/12/20 v1.4l Standard LaTeX document class

(/Users/maribelcrespivalero/Library/TinyTeX/texmf-dist/tex/latex/base/size10.cl
o
File: size10.clo 2019/12/20 v1.4l Standard LaTeX file (size option)
)
\c@part=\count167
\c@section=\count168
\c@subsection=\count169
\c@subsubsection=\count170
\c@paragraph=\count171
\c@subparagraph=\count172
\c@figure=\count173
\c@table=\count174
\abovecaptionskip=\skip47
\belowcaptionskip=\skip48
\bibindent=\dimen134
)
(/Users/maribelcrespivalero/Library/TinyTeX/texmf-dist/tex/latex/lm/lmodern.sty
Package: lmodern 2009/10/30 v1.6 Latin Modern Fonts
LaTeX Font Info:    Overwriting symbol font `operators' in version `normal'
(Font)                  OT1/cmr/m/n --> OT1/lmr/m/n on input line 22.
LaTeX Font Info:    Overwriting symbol font `letters' in version `normal'
(Font)                  OML/cmm/m/it --> OML/lmm/m/it on input line 23.
LaTeX Font Info:    Overwriting symbol font `symbols' in version `normal'
(Font)                  OMS/cmsy/m/n --> OMS/lmsy/m/n on input line 24.
LaTeX Font Info:    Overwriting symbol font `largesymbols' in version `normal'
(Font)                  OMX/cmex/m/n --> OMX/lmex/m/n on input line 25.
LaTeX Font Info:    Overwriting symbol font `operators' in version `bold'
(Font)                  OT1/cmr/bx/n --> OT1/lmr/bx/n on input line 26.
LaTeX Font Info:    Overwriting symbol font `letters' in version `bold'
(Font)                  OML/cmm/b/it --> OML/lmm/b/it on input line 27.
LaTeX Font Info:    Overwriting symbol font `symbols' in version `bold'
(Font)                  OMS/cmsy/b/n --> OMS/lmsy/b/n on input line 28.
LaTeX Font Info:    Overwriting symbol font `largesymbols' in version `bold'
(Font)                  OMX/cmex/m/n --> OMX/lmex/m/n on input line 29.
LaTeX Font Info:    Overwriting math alphabet `\mathbf' in version `normal'
(Font)                  OT1/cmr/bx/n --> OT1/lmr/bx/n on input line 31.
LaTeX Font Info:    Overwriting math alphabet `\mathsf' in version `normal'
(Font)                  OT1/cmss/m/n --> OT1/lmss/m/n on input line 32.
LaTeX Font Info:    Overwriting math alphabet `\mathit' in version `normal'
(Font)                  OT1/cmr/m/it --> OT1/lmr/m/it on input line 33.
LaTeX Font Info:    Overwriting math alphabet `\mathtt' in version `normal'
(Font)                  OT1/cmtt/m/n --> OT1/lmtt/m/n on input line 34.
LaTeX Font Info:    Overwriting math alphabet `\mathbf' in version `bold'
(Font)                  OT1/cmr/bx/n --> OT1/lmr/bx/n on input line 35.
LaTeX Font Info:    Overwriting math alphabet `\mathsf' in version `bold'
(Font)                  OT1/cmss/bx/n --> OT1/lmss/bx/n on input line 36.
LaTeX Font Info:    Overwriting math alphabet `\mathit' in version `bold'
(Font)                  OT1/cmr/bx/it --> OT1/lmr/bx/it on input line 37.
LaTeX Font Info:    Overwriting math alphabet `\mathtt' in version `bold'
(Font)                  OT1/cmtt/m/n --> OT1/lmtt/m/n on input line 38.
)
(/Users/maribelcrespivalero/Library/TinyTeX/texmf-dist/tex/latex/amsfonts/amssy
mb.sty
Package: amssymb 2013/01/14 v3.01 AMS font symbols

(/Users/maribelcrespivalero/Library/TinyTeX/texmf-dist/tex/latex/amsfonts/amsfo
nts.sty
Package: amsfonts 2013/01/14 v3.01 Basic AMSFonts support
\@emptytoks=\toks15
\symAMSa=\mathgroup4
\symAMSb=\mathgroup5
LaTeX Font Info:    Redeclaring math symbol \hbar on input line 98.
LaTeX Font Info:    Overwriting math alphabet `\mathfrak' in version `bold'
(Font)                  U/euf/m/n --> U/euf/b/n on input line 106.
))
(/Users/maribelcrespivalero/Library/TinyTeX/texmf-dist/tex/latex/amsmath/amsmat
h.sty
Package: amsmath 2020/01/20 v2.17e AMS math features
\@mathmargin=\skip49
For additional information on amsmath, use the `?' option.

(/Users/maribelcrespivalero/Library/TinyTeX/texmf-dist/tex/latex/amsmath/amstex
t.sty
Package: amstext 2000/06/29 v2.01 AMS text

(/Users/maribelcrespivalero/Library/TinyTeX/texmf-dist/tex/latex/amsmath/amsgen
.sty
File: amsgen.sty 1999/11/30 v2.0 generic functions
\@emptytoks=\toks16
\ex@=\dimen135
))
(/Users/maribelcrespivalero/Library/TinyTeX/texmf-dist/tex/latex/amsmath/amsbsy
.sty
Package: amsbsy 1999/11/29 v1.2d Bold Symbols
\pmbraise@=\dimen136
)
(/Users/maribelcrespivalero/Library/TinyTeX/texmf-dist/tex/latex/amsmath/amsopn
.sty
Package: amsopn 2016/03/08 v2.02 operator names
)
\inf@bad=\count175
LaTeX Info: Redefining \frac on input line 227.
\uproot@=\count176
\leftroot@=\count177
LaTeX Info: Redefining \overline on input line 389.
\classnum@=\count178
\DOTSCASE@=\count179
LaTeX Info: Redefining \ldots on input line 486.
LaTeX Info: Redefining \dots on input line 489.
LaTeX Info: Redefining \cdots on input line 610.
\Mathstrutbox@=\box45
\strutbox@=\box46
\big@size=\dimen137
LaTeX Font Info:    Redeclaring font encoding OML on input line 733.
LaTeX Font Info:    Redeclaring font encoding OMS on input line 734.
\macc@depth=\count180
\c@MaxMatrixCols=\count181
\dotsspace@=\muskip16
\c@parentequation=\count182
\dspbrk@lvl=\count183
\tag@help=\toks17
\row@=\count184
\column@=\count185
\maxfields@=\count186
\andhelp@=\toks18
\eqnshift@=\dimen138
\alignsep@=\dimen139
\tagshift@=\dimen140
\tagwidth@=\dimen141
\totwidth@=\dimen142
\lineht@=\dimen143
\@envbody=\toks19
\multlinegap=\skip50
\multlinetaggap=\skip51
\mathdisplay@stack=\toks20
LaTeX Info: Redefining \[ on input line 2859.
LaTeX Info: Redefining \] on input line 2860.
)
(/Users/maribelcrespivalero/Library/TinyTeX/texmf-dist/tex/generic/iftex/ifxete
x.sty
Package: ifxetex 2019/10/25 v0.7 ifxetex legacy package. Use iftex instead.

(/Users/maribelcrespivalero/Library/TinyTeX/texmf-dist/tex/generic/iftex/iftex.
sty
Package: iftex 2019/11/07 v1.0c TeX engine tests
))
(/Users/maribelcrespivalero/Library/TinyTeX/texmf-dist/tex/generic/iftex/ifluat
ex.sty
Package: ifluatex 2019/10/25 v1.5 ifluatex legacy package. Use iftex instead.
)
(/Users/maribelcrespivalero/Library/TinyTeX/texmf-dist/tex/latex/base/fixltx2e.
sty
Package: fixltx2e 2016/12/29 v2.1a fixes to LaTeX (obsolete)
Applying: [2015/01/01] Old fixltx2e package on input line 46.

Package fixltx2e Warning: fixltx2e is not required with releases after 2015
(fixltx2e)                All fixes are now in the LaTeX kernel.
(fixltx2e)                See the latexrelease package for details.

Already applied: [0000/00/00] Old fixltx2e package on input line 53.
)
(/Users/maribelcrespivalero/Library/TinyTeX/texmf-dist/tex/latex/base/fontenc.s
ty
Package: fontenc 2020/02/11 v2.0o Standard LaTeX package
LaTeX Font Info:    Trying to load font information for T1+lmr on input line 11
2.
(/Users/maribelcrespivalero/Library/TinyTeX/texmf-dist/tex/latex/lm/t1lmr.fd
File: t1lmr.fd 2009/10/30 v1.6 Font defs for Latin Modern
))
(/Users/maribelcrespivalero/Library/TinyTeX/texmf-dist/tex/latex/base/inputenc.
sty
Package: inputenc 2018/08/11 v1.3c Input encoding file
\inpenc@prehook=\toks21
\inpenc@posthook=\toks22
)
(/Users/maribelcrespivalero/Library/TinyTeX/texmf-dist/tex/latex/base/textcomp.
sty
Package: textcomp 2020/02/02 v2.0n Standard LaTeX package
)
(/Users/maribelcrespivalero/Library/TinyTeX/texmf-dist/tex/latex/upquote/upquot
e.sty
Package: upquote 2012/04/19 v1.3 upright-quote and grave-accent glyphs in verba
tim
)
(/Users/maribelcrespivalero/Library/TinyTeX/texmf-dist/tex/latex/hyperref/hyper
ref.sty
Package: hyperref 2020/01/14 v7.00d Hypertext links for LaTeX

(/Users/maribelcrespivalero/Library/TinyTeX/texmf-dist/tex/generic/ltxcmds/ltxc
mds.sty
Package: ltxcmds 2019/12/15 v1.24 LaTeX kernel commands for general use (HO)
)
(/Users/maribelcrespivalero/Library/TinyTeX/texmf-dist/tex/latex/pdftexcmds/pdf
texcmds.sty
Package: pdftexcmds 2019/11/24 v0.31 Utility functions of pdfTeX for LuaTeX (HO
)

(/Users/maribelcrespivalero/Library/TinyTeX/texmf-dist/tex/generic/infwarerr/in
fwarerr.sty
Package: infwarerr 2019/12/03 v1.5 Providing info/warning/error messages (HO)
)
Package pdftexcmds Info: \pdf@primitive is available.
Package pdftexcmds Info: \pdf@ifprimitive is available.
Package pdftexcmds Info: \pdfdraftmode found.
)
(/Users/maribelcrespivalero/Library/TinyTeX/texmf-dist/tex/latex/graphics/keyva
l.sty
Package: keyval 2014/10/28 v1.15 key=value parser (DPC)
\KV@toks@=\toks23
)
(/Users/maribelcrespivalero/Library/TinyTeX/texmf-dist/tex/generic/kvsetkeys/kv
setkeys.sty
Package: kvsetkeys 2019/12/15 v1.18 Key value parser (HO)
)
(/Users/maribelcrespivalero/Library/TinyTeX/texmf-dist/tex/generic/kvdefinekeys
/kvdefinekeys.sty
Package: kvdefinekeys 2019-12-19 v1.6 Define keys (HO)
)
(/Users/maribelcrespivalero/Library/TinyTeX/texmf-dist/tex/generic/pdfescape/pd
fescape.sty
Package: pdfescape 2019/12/09 v1.15 Implements pdfTeX's escape features (HO)
)
(/Users/maribelcrespivalero/Library/TinyTeX/texmf-dist/tex/latex/hycolor/hycolo
r.sty
Package: hycolor 2020-01-27 v1.10 Color options for hyperref/bookmark (HO)
)
(/Users/maribelcrespivalero/Library/TinyTeX/texmf-dist/tex/latex/letltxmacro/le
tltxmacro.sty
Package: letltxmacro 2019/12/03 v1.6 Let assignment for LaTeX macros (HO)
)
(/Users/maribelcrespivalero/Library/TinyTeX/texmf-dist/tex/latex/auxhook/auxhoo
k.sty
Package: auxhook 2019-12-17 v1.6 Hooks for auxiliary files (HO)
)
(/Users/maribelcrespivalero/Library/TinyTeX/texmf-dist/tex/latex/kvoptions/kvop
tions.sty
Package: kvoptions 2019/11/29 v3.13 Key value format for package options (HO)
)
\@linkdim=\dimen144
\Hy@linkcounter=\count187
\Hy@pagecounter=\count188

(/Users/maribelcrespivalero/Library/TinyTeX/texmf-dist/tex/latex/hyperref/pd1en
c.def
File: pd1enc.def 2020/01/14 v7.00d Hyperref: PDFDocEncoding definition (HO)
Now handling font encoding PD1 ...
... no UTF-8 mapping file for font encoding PD1
)
(/Users/maribelcrespivalero/Library/TinyTeX/texmf-dist/tex/generic/intcalc/intc
alc.sty
Package: intcalc 2019/12/15 v1.3 Expandable calculations with integers (HO)
)
(/Users/maribelcrespivalero/Library/TinyTeX/texmf-dist/tex/generic/etexcmds/ete
xcmds.sty
Package: etexcmds 2019/12/15 v1.7 Avoid name clashes with e-TeX commands (HO)
)
\Hy@SavedSpaceFactor=\count189
\pdfmajorversion=\count190
Package hyperref Info: Option `unicode' set `true' on input line 4421.

(/Users/maribelcrespivalero/Library/TinyTeX/texmf-dist/tex/latex/hyperref/puenc
.def
File: puenc.def 2020/01/14 v7.00d Hyperref: PDF Unicode definition (HO)
Now handling font encoding PU ...
... no UTF-8 mapping file for font encoding PU
)
Package hyperref Info: Hyper figures OFF on input line 4547.
Package hyperref Info: Link nesting OFF on input line 4552.
Package hyperref Info: Hyper index ON on input line 4555.
Package hyperref Info: Plain pages OFF on input line 4562.
Package hyperref Info: Backreferencing OFF on input line 4567.
Package hyperref Info: Implicit mode ON; LaTeX internals redefined.
Package hyperref Info: Bookmarks ON on input line 4800.
\c@Hy@tempcnt=\count191
(/Users/maribelcrespivalero/Library/TinyTeX/texmf-dist/tex/latex/url/url.sty
\Urlmuskip=\muskip17
Package: url 2013/09/16  ver 3.4  Verb mode for urls, etc.
)
LaTeX Info: Redefining \url on input line 5159.
\XeTeXLinkMargin=\dimen145

(/Users/maribelcrespivalero/Library/TinyTeX/texmf-dist/tex/generic/bitset/bitse
t.sty
Package: bitset 2019/12/09 v1.3 Handle bit-vector datatype (HO)

(/Users/maribelcrespivalero/Library/TinyTeX/texmf-dist/tex/generic/bigintcalc/b
igintcalc.sty
Package: bigintcalc 2019/12/15 v1.5 Expandable calculations on big integers (HO
)
))
\Fld@menulength=\count192
\Field@Width=\dimen146
\Fld@charsize=\dimen147
Package hyperref Info: Hyper figures OFF on input line 6430.
Package hyperref Info: Link nesting OFF on input line 6435.
Package hyperref Info: Hyper index ON on input line 6438.
Package hyperref Info: backreferencing OFF on input line 6445.
Package hyperref Info: Link coloring OFF on input line 6450.
Package hyperref Info: Link coloring with OCG OFF on input line 6455.
Package hyperref Info: PDF/A mode OFF on input line 6460.
LaTeX Info: Redefining \ref on input line 6500.
LaTeX Info: Redefining \pageref on input line 6504.

(/Users/maribelcrespivalero/Library/TinyTeX/texmf-dist/tex/generic/atbegshi/atb
egshi.sty
Package: atbegshi 2019/12/05 v1.19 At begin shipout hook (HO)
)
\Hy@abspage=\count193
\c@Item=\count194
\c@Hfootnote=\count195
)
Package hyperref Info: Driver (autodetected): hpdftex.

(/Users/maribelcrespivalero/Library/TinyTeX/texmf-dist/tex/latex/hyperref/hpdft
ex.def
File: hpdftex.def 2020/01/14 v7.00d Hyperref driver for pdfTeX

(/Users/maribelcrespivalero/Library/TinyTeX/texmf-dist/tex/latex/atveryend/atve
ryend.sty
Package: atveryend 2019-12-11 v1.11 Hooks at the very end of document (HO)
Package atveryend Info: \enddocument detected (standard20110627).
)
\Fld@listcount=\count196
\c@bookmark@seq@number=\count197

(/Users/maribelcrespivalero/Library/TinyTeX/texmf-dist/tex/latex/rerunfilecheck
/rerunfilecheck.sty
Package: rerunfilecheck 2019/12/05 v1.9 Rerun checks for auxiliary files (HO)

(/Users/maribelcrespivalero/Library/TinyTeX/texmf-dist/tex/generic/uniquecounte
r/uniquecounter.sty
Package: uniquecounter 2019/12/15 v1.4 Provide unlimited unique counter (HO)
)
Package uniquecounter Info: New unique counter `rerunfilecheck' on input line 2
86.
)
\Hy@SectionHShift=\skip52
)
Package hyperref Info: Option `breaklinks' set `true' on input line 35.

(/Users/maribelcrespivalero/Library/TinyTeX/texmf-dist/tex/latex/geometry/geome
try.sty
Package: geometry 2020/01/02 v5.9 Page Geometry

(/Users/maribelcrespivalero/Library/TinyTeX/texmf-dist/tex/generic/iftex/ifvtex
.sty
Package: ifvtex 2019/10/25 v1.7 ifvtex legacy package. Use iftex instead.
)
\Gm@cnth=\count198
\Gm@cntv=\count199
\c@Gm@tempcnt=\count266
\Gm@bindingoffset=\dimen148
\Gm@wd@mp=\dimen149
\Gm@odd@mp=\dimen150
\Gm@even@mp=\dimen151
\Gm@layoutwidth=\dimen152
\Gm@layoutheight=\dimen153
\Gm@layouthoffset=\dimen154
\Gm@layoutvoffset=\dimen155
\Gm@dimlist=\toks24
)
(/Users/maribelcrespivalero/Library/TinyTeX/texmf-dist/tex/latex/graphics/color
.sty
Package: color 2019/11/23 v1.2a Standard LaTeX Color (DPC)

(/Users/maribelcrespivalero/Library/TinyTeX/texmf-dist/tex/latex/graphics-cfg/c
olor.cfg
File: color.cfg 2016/01/02 v1.6 sample color configuration
)
Package color Info: Driver file: pdftex.def on input line 147.

(/Users/maribelcrespivalero/Library/TinyTeX/texmf-dist/tex/latex/graphics-def/p
dftex.def
File: pdftex.def 2018/01/08 v1.0l Graphics/color driver for pdftex
))
(/Users/maribelcrespivalero/Library/TinyTeX/texmf-dist/tex/latex/fancyvrb/fancy
vrb.sty
Package: fancyvrb 2020/01/13 v3.5 verbatim text (tvz,hv)
\FV@CodeLineNo=\count267
\FV@InFile=\read2
\FV@TabBox=\box47
\c@FancyVerbLine=\count268
\FV@StepNumber=\count269
\FV@OutFile=\write3
)
(/Users/maribelcrespivalero/Library/TinyTeX/texmf-dist/tex/latex/framed/framed.
sty
Package: framed 2011/10/22 v 0.96: framed or shaded text with page breaks
\OuterFrameSep=\skip53
\fb@frw=\dimen156
\fb@frh=\dimen157
\FrameRule=\dimen158
\FrameSep=\dimen159
)
(/Users/maribelcrespivalero/Library/TinyTeX/texmf-dist/tex/latex/tools/longtabl
e.sty
Package: longtable 2020/01/07 v4.13 Multi-page Table package (DPC)
\LTleft=\skip54
\LTright=\skip55
\LTpre=\skip56
\LTpost=\skip57
\LTchunksize=\count270
\LTcapwidth=\dimen160
\LT@head=\box48
\LT@firsthead=\box49
\LT@foot=\box50
\LT@lastfoot=\box51
\LT@cols=\count271
\LT@rows=\count272
\c@LT@tables=\count273
\c@LT@chunks=\count274
\LT@p@ftn=\toks25
)
(/Users/maribelcrespivalero/Library/TinyTeX/texmf-dist/tex/latex/booktabs/bookt
abs.sty
Package: booktabs 2020/01/12 v1.61803398 Publication quality tables
\heavyrulewidth=\dimen161
\lightrulewidth=\dimen162
\cmidrulewidth=\dimen163
\belowrulesep=\dimen164
\belowbottomsep=\dimen165
\aboverulesep=\dimen166
\abovetopsep=\dimen167
\cmidrulesep=\dimen168
\cmidrulekern=\dimen169
\defaultaddspace=\dimen170
\@cmidla=\count275
\@cmidlb=\count276
\@aboverulesep=\dimen171
\@belowrulesep=\dimen172
\@thisruleclass=\count277
\@lastruleclass=\count278
\@thisrulewidth=\dimen173
)
(/Users/maribelcrespivalero/Library/TinyTeX/texmf-dist/tex/latex/graphics/graph
icx.sty
Package: graphicx 2019/11/30 v1.2a Enhanced LaTeX Graphics (DPC,SPQR)

(/Users/maribelcrespivalero/Library/TinyTeX/texmf-dist/tex/latex/graphics/graph
ics.sty
Package: graphics 2019/11/30 v1.4a Standard LaTeX Graphics (DPC,SPQR)

(/Users/maribelcrespivalero/Library/TinyTeX/texmf-dist/tex/latex/graphics/trig.
sty
Package: trig 2016/01/03 v1.10 sin cos tan (DPC)
)
(/Users/maribelcrespivalero/Library/TinyTeX/texmf-dist/tex/latex/graphics-cfg/g
raphics.cfg
File: graphics.cfg 2016/06/04 v1.11 sample graphics configuration
)
Package graphics Info: Driver file: pdftex.def on input line 105.
)
\Gin@req@height=\dimen174
\Gin@req@width=\dimen175
)
(/Users/maribelcrespivalero/Library/TinyTeX/texmf-dist/tex/latex/grffile/grffil
e.sty
Package: grffile 2019/11/11 v2.1 Extended file name support for graphics (legac
y)
Package grffile Info: This package is an empty stub for compatibility on input 
line 40.
)
(/Users/maribelcrespivalero/Library/TinyTeX/texmf-dist/tex/latex/l3backend/l3ba
ckend-pdfmode.def
File: l3backend-pdfmode.def 2020-02-23 L3 backend support: PDF mode
\l__kernel_color_stack_int=\count279
\l__pdf_internal_box=\box52
) (./2a-fase-trabajo-estadiﾌ《tica.aux)
\openout1 = `2a-fase-trabajo-estadiﾌ《tica.aux'.

LaTeX Font Info:    Checking defaults for OML/cmm/m/it on input line 114.
LaTeX Font Info:    ... okay on input line 114.
LaTeX Font Info:    Checking defaults for OMS/cmsy/m/n on input line 114.
LaTeX Font Info:    ... okay on input line 114.
LaTeX Font Info:    Checking defaults for OT1/cmr/m/n on input line 114.
LaTeX Font Info:    ... okay on input line 114.
LaTeX Font Info:    Checking defaults for T1/cmr/m/n on input line 114.
LaTeX Font Info:    ... okay on input line 114.
LaTeX Font Info:    Checking defaults for TS1/cmr/m/n on input line 114.
LaTeX Font Info:    ... okay on input line 114.
LaTeX Font Info:    Checking defaults for OMX/cmex/m/n on input line 114.
LaTeX Font Info:    ... okay on input line 114.
LaTeX Font Info:    Checking defaults for U/cmr/m/n on input line 114.
LaTeX Font Info:    ... okay on input line 114.
LaTeX Font Info:    Checking defaults for PD1/pdf/m/n on input line 114.
LaTeX Font Info:    ... okay on input line 114.
LaTeX Font Info:    Checking defaults for PU/pdf/m/n on input line 114.
LaTeX Font Info:    ... okay on input line 114.
\AtBeginShipoutBox=\box53
Package hyperref Info: Link coloring OFF on input line 114.

(/Users/maribelcrespivalero/Library/TinyTeX/texmf-dist/tex/latex/hyperref/namer
ef.sty
Package: nameref 2019/09/16 v2.46 Cross-referencing by name of section

(/Users/maribelcrespivalero/Library/TinyTeX/texmf-dist/tex/latex/refcount/refco
unt.sty
Package: refcount 2019/12/15 v3.6 Data extraction from label references (HO)
)
(/Users/maribelcrespivalero/Library/TinyTeX/texmf-dist/tex/generic/gettitlestri
ng/gettitlestring.sty
Package: gettitlestring 2019/12/15 v1.6 Cleanup title references (HO)
)
\c@section@level=\count280
)
LaTeX Info: Redefining \ref on input line 114.
LaTeX Info: Redefining \pageref on input line 114.
LaTeX Info: Redefining \nameref on input line 114.
(./2a-fase-trabajo-estadiﾌ《tica.out) (./2a-fase-trabajo-estadiﾌ《tica.out)
\@outlinefile=\write4
\openout4 = `2a-fase-trabajo-estadiﾌ《tica.out'.

*geometry* driver: auto-detecting
*geometry* detected driver: pdftex
*geometry* verbose mode - [ preamble ] result:
* driver: pdftex
* paper: <default>
* layout: <same size as paper>
* layoutoffset:(h,v)=(0.0pt,0.0pt)
* modes: 
* h-part:(L,W,R)=(72.26999pt, 469.75502pt, 72.26999pt)
* v-part:(T,H,B)=(72.26999pt, 650.43001pt, 72.26999pt)
* \paperwidth=614.295pt
* \paperheight=794.96999pt
* \textwidth=469.75502pt
* \textheight=650.43001pt
* \oddsidemargin=0.0pt
* \evensidemargin=0.0pt
* \topmargin=-37.0pt
* \headheight=12.0pt
* \headsep=25.0pt
* \topskip=10.0pt
* \footskip=30.0pt
* \marginparwidth=65.0pt
* \marginparsep=11.0pt
* \columnsep=10.0pt
* \skip\footins=9.0pt plus 4.0pt minus 2.0pt
* \hoffset=0.0pt
* \voffset=0.0pt
* \mag=1000
* \@twocolumnfalse
* \@twosidefalse
* \@mparswitchfalse
* \@reversemarginfalse
* (1in=72.27pt=25.4mm, 1cm=28.453pt)


(/Users/maribelcrespivalero/Library/TinyTeX/texmf-dist/tex/latex/epstopdf-pkg/e
pstopdf-base.sty
Package: epstopdf-base 2020-01-24 v2.11 Base part for package epstopdf
Package epstopdf-base Info: Redefining graphics rule for `.eps' on input line 4
85.

(/Users/maribelcrespivalero/Library/TinyTeX/texmf-dist/tex/latex/latexconfig/ep
stopdf-sys.cfg
File: epstopdf-sys.cfg 2010/07/13 v1.3 Configuration of (r)epstopdf for TeX Liv
e
))
LaTeX Font Info:    Trying to load font information for OT1+lmr on input line 1
16.
(/Users/maribelcrespivalero/Library/TinyTeX/texmf-dist/tex/latex/lm/ot1lmr.fd
File: ot1lmr.fd 2009/10/30 v1.6 Font defs for Latin Modern
)
LaTeX Font Info:    Trying to load font information for OML+lmm on input line 1
16.
(/Users/maribelcrespivalero/Library/TinyTeX/texmf-dist/tex/latex/lm/omllmm.fd
File: omllmm.fd 2009/10/30 v1.6 Font defs for Latin Modern
)
LaTeX Font Info:    Trying to load font information for OMS+lmsy on input line 
116.
(/Users/maribelcrespivalero/Library/TinyTeX/texmf-dist/tex/latex/lm/omslmsy.fd
File: omslmsy.fd 2009/10/30 v1.6 Font defs for Latin Modern
)
LaTeX Font Info:    Trying to load font information for OMX+lmex on input line 
116.
(/Users/maribelcrespivalero/Library/TinyTeX/texmf-dist/tex/latex/lm/omxlmex.fd
File: omxlmex.fd 2009/10/30 v1.6 Font defs for Latin Modern
)
LaTeX Font Info:    External font `lmex10' loaded for size
(Font)              <12> on input line 116.
LaTeX Font Info:    External font `lmex10' loaded for size
(Font)              <8> on input line 116.
LaTeX Font Info:    External font `lmex10' loaded for size
(Font)              <6> on input line 116.
LaTeX Font Info:    Trying to load font information for U+msa on input line 116
.

(/Users/maribelcrespivalero/Library/TinyTeX/texmf-dist/tex/latex/amsfonts/umsa.
fd
File: umsa.fd 2013/01/14 v3.01 AMS symbols A
)
LaTeX Font Info:    Trying to load font information for U+msb on input line 116
.

(/Users/maribelcrespivalero/Library/TinyTeX/texmf-dist/tex/latex/amsfonts/umsb.
fd
File: umsb.fd 2013/01/14 v3.01 AMS symbols B
) (./2a-fase-trabajo-estadiﾌ《tica.toc
LaTeX Font Info:    External font `lmex10' loaded for size
(Font)              <10> on input line 2.
LaTeX Font Info:    External font `lmex10' loaded for size
(Font)              <7> on input line 2.
LaTeX Font Info:    External font `lmex10' loaded for size
(Font)              <5> on input line 2.
)
\tf@toc=\write5
\openout5 = `2a-fase-trabajo-estadiﾌ《tica.toc'.

<logoNBA.png, id=94, 752.8125pt x 451.6875pt>
File: logoNBA.png Graphic file (type png)
<use logoNBA.png>
Package pdftex.def Info: logoNBA.png  used on input line 121.
(pdftex.def)             Requested size: 469.77148pt x 281.86288pt.
[1

{/Users/maribelcrespivalero/Library/TinyTeX/texmf-var/fonts/map/pdftex/updmap/p
dftex.map}]
Overfull \hbox (4.39375pt too wide) in paragraph at lines 149--160
[]\T1/lmr/m/n/10 Hemos es-cogido 449 ju-gadores con un to-tal de 34 vari-ables 
(``Nom-bre'',``Partidos ju-ga-dos'',``Minutos'',``Puntos'',
 []


Underfull \hbox (badness 7667) in paragraph at lines 149--160
\T1/lmr/m/n/10 ``Canas-tas_anotadas'',``Canastas in-ten-tadas'', ``Por-centaje 
canas-tas'',``3P an-o-ta-dos'', ``3P in-ten-ta-
 []


Underfull \hbox (badness 3439) in paragraph at lines 149--160
\T1/lmr/m/n/10 dos'',``Porcentaje triples'', ``Tiros li-bres an-o-ta-dos'',``Ti
ros li-bres in-ten-ta-dos'', ``Por-centaje tiros li-
 []


Overfull \hbox (17.9324pt too wide) in paragraph at lines 149--160
\T1/lmr/m/n/10 bres'',``Rebotes ofen-sivos'', ``Re-botes de-fen-sivos'',``Rebot
es'', ``Asis-ten-cias'',``Robos'',``Tapones'',``Perdidas'',``Faltas
 []

[2 <./logoNBA.png>]
LaTeX Font Info:    Trying to load font information for T1+lmtt on input line 1
86.
(/Users/maribelcrespivalero/Library/TinyTeX/texmf-dist/tex/latex/lm/t1lmtt.fd
File: t1lmtt.fd 2009/10/30 v1.6 Font defs for Latin Modern
)
LaTeX Font Info:    Font shape `T1/lmtt/bx/n' in size <10> not available
(Font)              Font shape `T1/lmtt/b/n' tried instead on input line 187.
LaTeX Font Info:    Trying to load font information for TS1+lmtt on input line 
241.
(/Users/maribelcrespivalero/Library/TinyTeX/texmf-dist/tex/latex/lm/ts1lmtt.fd
File: ts1lmtt.fd 2009/10/30 v1.6 Font defs for Latin Modern
)
Overfull \hbox (39.4935pt too wide) in paragraph at lines 241--241
[]\T1/lmtt/m/n/10 ##  $ Nombre                  : Factor w/ 490 levels "Aaron B
rooks",..: 4 1 2 3 5 6 8 9 10 11 ...[] 
 []


Overfull \hbox (91.99335pt too wide) in paragraph at lines 241--241
[]\T1/lmtt/m/n/10 ##  $ Nacimiento              : Factor w/ 42 levels "","ar","
au","ba",..: 40 40 40 40 13 40 40 40 40 39 ...[] 
 []


Overfull \hbox (154.99316pt too wide) in paragraph at lines 241--241
[]\T1/lmtt/m/n/10 ##  $ Fecha de nacimiento     : Factor w/ 409 levels "","Apri
l 1, 1988",..: 370 138 380 111 226 154 347 179 319 205 ...[] 
 []


Overfull \hbox (154.99316pt too wide) in paragraph at lines 241--241
[]\T1/lmtt/m/n/10 ##  $ Instituto               : Factor w/ 113 levels "","Ariz
ona State University",..: 66 90 60 33 69 1 33 65 86 77 ...[] 
 []


Overfull \hbox (76.2434pt too wide) in paragraph at lines 241--241
[]\T1/lmtt/m/n/10 ##  $ Experiencia             : Factor w/ 21 levels "","1","1
0","11",..: 16 17 21 21 18 3 16 14 21 2 ...[] 
 []

[3]
Overfull \hbox (28.99353pt too wide) in paragraph at lines 241--241
[]\T1/lmtt/m/n/10 ##  $ Posicin                : Factor w/ 6 levels "","C","PF
","PG",..: 4 4 3 3 2 2 6 6 2 2 ...[] 
 []


Overfull \hbox (49.99347pt too wide) in paragraph at lines 241--241
[]\T1/lmtt/m/n/10 ##  $ Equipo                  : Factor w/ 31 levels "","ATL",
"BOS",..: 25 5 23 2 2 4 19 30 6 25 ...[] 
 []

[4] [5] [6] [7] [8] [9] [10] [11] [12]
<2a-fase-trabajo-estadiﾌ《tica_files/figure-latex/unnamed-chunk-65-1.pdf, id=16
9, 422.57875pt x 286.06876pt>
File: 2a-fase-trabajo-estadiﾌ《tica_files/figure-latex/unnamed-chunk-65-1.pdf G
raphic file (type pdf)
<use 2a-fase-trabajo-estadiﾌ《tica_files/figure-latex/unnamed-chunk-65-1.pdf>
Package pdftex.def Info: 2a-fase-trabajo-estadiﾌ《tica_files/figure-latex/unnam
ed-chunk-65-1.pdf  used on input line 1127.
(pdftex.def)             Requested size: 422.58415pt x 286.07242pt.
[13]
<2a-fase-trabajo-estadiﾌ《tica_files/figure-latex/unnamed-chunk-66-1.pdf, id=17
7, 422.57875pt x 286.06876pt>
File: 2a-fase-trabajo-estadiﾌ《tica_files/figure-latex/unnamed-chunk-66-1.pdf G
raphic file (type pdf)
<use 2a-fase-trabajo-estadiﾌ《tica_files/figure-latex/unnamed-chunk-66-1.pdf>
Package pdftex.def Info: 2a-fase-trabajo-estadiﾌ《tica_files/figure-latex/unnam
ed-chunk-66-1.pdf  used on input line 1148.
(pdftex.def)             Requested size: 422.58415pt x 286.07242pt.
[14 <./2a-fase-trabajo-estadiﾌ《tica_files/figure-latex/unnamed-chunk-65-1.pdf>
]
<2a-fase-trabajo-estadiﾌ《tica_files/figure-latex/unnamed-chunk-67-1.pdf, id=19
0, 436.63126pt x 284.06125pt>
File: 2a-fase-trabajo-estadiﾌ《tica_files/figure-latex/unnamed-chunk-67-1.pdf G
raphic file (type pdf)
<use 2a-fase-trabajo-estadiﾌ《tica_files/figure-latex/unnamed-chunk-67-1.pdf>
Package pdftex.def Info: 2a-fase-trabajo-estadiﾌ《tica_files/figure-latex/unnam
ed-chunk-67-1.pdf  used on input line 1169.
(pdftex.def)             Requested size: 436.63019pt x 284.06053pt.
[15 <./2a-fase-trabajo-estadiﾌ《tica_files/figure-latex/unnamed-chunk-66-1.pdf>
]
<2a-fase-trabajo-estadiﾌ《tica_files/figure-latex/unnamed-chunk-68-1.pdf, id=20
3, 465.74pt x 285.065pt>
File: 2a-fase-trabajo-estadiﾌ《tica_files/figure-latex/unnamed-chunk-68-1.pdf G
raphic file (type pdf)
<use 2a-fase-trabajo-estadiﾌ《tica_files/figure-latex/unnamed-chunk-68-1.pdf>
Package pdftex.def Info: 2a-fase-trabajo-estadiﾌ《tica_files/figure-latex/unnam
ed-chunk-68-1.pdf  used on input line 1189.
(pdftex.def)             Requested size: 465.73886pt x 285.0643pt.
[16 <./2a-fase-trabajo-estadiﾌ《tica_files/figure-latex/unnamed-chunk-67-1.pdf>
]
<2a-fase-trabajo-estadiﾌ《tica_files/figure-latex/unnamed-chunk-68-2.pdf, id=21
7, 436.63126pt x 283.0575pt>
File: 2a-fase-trabajo-estadiﾌ《tica_files/figure-latex/unnamed-chunk-68-2.pdf G
raphic file (type pdf)
<use 2a-fase-trabajo-estadiﾌ《tica_files/figure-latex/unnamed-chunk-68-2.pdf>
Package pdftex.def Info: 2a-fase-trabajo-estadiﾌ《tica_files/figure-latex/unnam
ed-chunk-68-2.pdf  used on input line 1198.
(pdftex.def)             Requested size: 436.63019pt x 283.0568pt.
[17 <./2a-fase-trabajo-estadiﾌ《tica_files/figure-latex/unnamed-chunk-68-1.pdf>
 <./2a-fase-trabajo-estadiﾌ《tica_files/figure-latex/unnamed-chunk-68-2.pdf>]
<2a-fase-trabajo-estadiﾌ《tica_files/figure-latex/unnamed-chunk-69-1.pdf, id=23
8, 440.64626pt x 284.06125pt>
File: 2a-fase-trabajo-estadiﾌ《tica_files/figure-latex/unnamed-chunk-69-1.pdf G
raphic file (type pdf)
<use 2a-fase-trabajo-estadiﾌ《tica_files/figure-latex/unnamed-chunk-69-1.pdf>
Package pdftex.def Info: 2a-fase-trabajo-estadiﾌ《tica_files/figure-latex/unnam
ed-chunk-69-1.pdf  used on input line 1213.
(pdftex.def)             Requested size: 440.66533pt x 284.07353pt.
<2a-fase-trabajo-estadiﾌ《tica_files/figure-latex/unnamed-chunk-70-1.pdf, id=23
9, 440.64626pt x 284.06125pt>
File: 2a-fase-trabajo-estadiﾌ《tica_files/figure-latex/unnamed-chunk-70-1.pdf G
raphic file (type pdf)
<use 2a-fase-trabajo-estadiﾌ《tica_files/figure-latex/unnamed-chunk-70-1.pdf>
Package pdftex.def Info: 2a-fase-trabajo-estadiﾌ《tica_files/figure-latex/unnam
ed-chunk-70-1.pdf  used on input line 1227.
(pdftex.def)             Requested size: 440.66533pt x 284.07353pt.
[18 <./2a-fase-trabajo-estadiﾌ《tica_files/figure-latex/unnamed-chunk-69-1.pdf>
]
<2a-fase-trabajo-estadiﾌ《tica_files/figure-latex/unnamed-chunk-71-1.pdf, id=25
2, 440.64626pt x 284.06125pt>
File: 2a-fase-trabajo-estadiﾌ《tica_files/figure-latex/unnamed-chunk-71-1.pdf G
raphic file (type pdf)
<use 2a-fase-trabajo-estadiﾌ《tica_files/figure-latex/unnamed-chunk-71-1.pdf>
Package pdftex.def Info: 2a-fase-trabajo-estadiﾌ《tica_files/figure-latex/unnam
ed-chunk-71-1.pdf  used on input line 1249.
(pdftex.def)             Requested size: 440.66533pt x 284.07353pt.
[19 <./2a-fase-trabajo-estadiﾌ《tica_files/figure-latex/unnamed-chunk-70-1.pdf>
] [20 <./2a-fase-trabajo-estadiﾌ《tica_files/figure-latex/unnamed-chunk-71-1.pd
f>]
<2a-fase-trabajo-estadiﾌ《tica_files/figure-latex/unnamed-chunk-74-1.pdf, id=28
0, 444.66125pt x 310.15875pt>
File: 2a-fase-trabajo-estadiﾌ《tica_files/figure-latex/unnamed-chunk-74-1.pdf G
raphic file (type pdf)
<use 2a-fase-trabajo-estadiﾌ《tica_files/figure-latex/unnamed-chunk-74-1.pdf>
Package pdftex.def Info: 2a-fase-trabajo-estadiﾌ《tica_files/figure-latex/unnam
ed-chunk-74-1.pdf  used on input line 1340.
(pdftex.def)             Requested size: 444.66016pt x 310.15799pt.
[21 <./2a-fase-trabajo-estadiﾌ《tica_files/figure-latex/unnamed-chunk-74-1.pdf>
] [22]
<2a-fase-trabajo-estadiﾌ《tica_files/figure-latex/unnamed-chunk-76-1.pdf, id=29
9, 440.64626pt x 251.94125pt>
File: 2a-fase-trabajo-estadiﾌ《tica_files/figure-latex/unnamed-chunk-76-1.pdf G
raphic file (type pdf)
<use 2a-fase-trabajo-estadiﾌ《tica_files/figure-latex/unnamed-chunk-76-1.pdf>
Package pdftex.def Info: 2a-fase-trabajo-estadiﾌ《tica_files/figure-latex/unnam
ed-chunk-76-1.pdf  used on input line 1439.
(pdftex.def)             Requested size: 440.64517pt x 251.94063pt.
[23 <./2a-fase-trabajo-estadiﾌ《tica_files/figure-latex/unnamed-chunk-76-1.pdf>
]
<2a-fase-trabajo-estadiﾌ《tica_files/figure-latex/unnamed-chunk-77-1.pdf, id=31
1, 419.5675pt x 275.0275pt>
File: 2a-fase-trabajo-estadiﾌ《tica_files/figure-latex/unnamed-chunk-77-1.pdf G
raphic file (type pdf)
<use 2a-fase-trabajo-estadiﾌ《tica_files/figure-latex/unnamed-chunk-77-1.pdf>
Package pdftex.def Info: 2a-fase-trabajo-estadiﾌ《tica_files/figure-latex/unnam
ed-chunk-77-1.pdf  used on input line 1470.
(pdftex.def)             Requested size: 419.56647pt x 275.02682pt.
<2a-fase-trabajo-estadiﾌ《tica_files/figure-latex/unnamed-chunk-78-1.pdf, id=31
2, 436.63126pt x 251.94125pt>
File: 2a-fase-trabajo-estadiﾌ《tica_files/figure-latex/unnamed-chunk-78-1.pdf G
raphic file (type pdf)
<use 2a-fase-trabajo-estadiﾌ《tica_files/figure-latex/unnamed-chunk-78-1.pdf>
Package pdftex.def Info: 2a-fase-trabajo-estadiﾌ《tica_files/figure-latex/unnam
ed-chunk-78-1.pdf  used on input line 1479.
(pdftex.def)             Requested size: 436.63019pt x 251.94063pt.
[24 <./2a-fase-trabajo-estadiﾌ《tica_files/figure-latex/unnamed-chunk-77-1.pdf>
]
<2a-fase-trabajo-estadiﾌ《tica_files/figure-latex/unnamed-chunk-79-1.pdf, id=32
4, 449.68pt x 287.0725pt>
File: 2a-fase-trabajo-estadiﾌ《tica_files/figure-latex/unnamed-chunk-79-1.pdf G
raphic file (type pdf)
<use 2a-fase-trabajo-estadiﾌ《tica_files/figure-latex/unnamed-chunk-79-1.pdf>
Package pdftex.def Info: 2a-fase-trabajo-estadiﾌ《tica_files/figure-latex/unnam
ed-chunk-79-1.pdf  used on input line 1498.
(pdftex.def)             Requested size: 449.69261pt x 287.08055pt.
[25 <./2a-fase-trabajo-estadiﾌ《tica_files/figure-latex/unnamed-chunk-78-1.pdf>
] [26 <./2a-fase-trabajo-estadiﾌ《tica_files/figure-latex/unnamed-chunk-79-1.pd
f>]
<2a-fase-trabajo-estadiﾌ《tica_files/figure-latex/unnamed-chunk-81-1.pdf, id=35
1, 440.64626pt x 250.9375pt>
File: 2a-fase-trabajo-estadiﾌ《tica_files/figure-latex/unnamed-chunk-81-1.pdf G
raphic file (type pdf)
<use 2a-fase-trabajo-estadiﾌ《tica_files/figure-latex/unnamed-chunk-81-1.pdf>
Package pdftex.def Info: 2a-fase-trabajo-estadiﾌ《tica_files/figure-latex/unnam
ed-chunk-81-1.pdf  used on input line 1585.
(pdftex.def)             Requested size: 440.66533pt x 250.94835pt.
[27 <./2a-fase-trabajo-estadiﾌ《tica_files/figure-latex/unnamed-chunk-81-1.pdf>
]

LaTeX Warning: Command \' invalid in math mode on input line 1626.


LaTeX Warning: Command \' invalid in math mode on input line 1627.

[28] [29]
<2a-fase-trabajo-estadiﾌ《tica_files/figure-latex/unnamed-chunk-84-1.pdf, id=37
9, 435.6275pt x 286.06876pt>
File: 2a-fase-trabajo-estadiﾌ《tica_files/figure-latex/unnamed-chunk-84-1.pdf G
raphic file (type pdf)
<use 2a-fase-trabajo-estadiﾌ《tica_files/figure-latex/unnamed-chunk-84-1.pdf>
Package pdftex.def Info: 2a-fase-trabajo-estadiﾌ《tica_files/figure-latex/unnam
ed-chunk-84-1.pdf  used on input line 1801.
(pdftex.def)             Requested size: 435.62643pt x 286.06805pt.
[30]
<2a-fase-trabajo-estadiﾌ《tica_files/figure-latex/unnamed-chunk-85-1.pdf, id=38
4, 436.63126pt x 283.0575pt>
File: 2a-fase-trabajo-estadiﾌ《tica_files/figure-latex/unnamed-chunk-85-1.pdf G
raphic file (type pdf)
<use 2a-fase-trabajo-estadiﾌ《tica_files/figure-latex/unnamed-chunk-85-1.pdf>
Package pdftex.def Info: 2a-fase-trabajo-estadiﾌ《tica_files/figure-latex/unnam
ed-chunk-85-1.pdf  used on input line 1818.
(pdftex.def)             Requested size: 436.63019pt x 283.0568pt.
[31 <./2a-fase-trabajo-estadiﾌ《tica_files/figure-latex/unnamed-chunk-84-1.pdf>
] [32 <./2a-fase-trabajo-estadiﾌ《tica_files/figure-latex/unnamed-chunk-85-1.pd
f>]
<2a-fase-trabajo-estadiﾌ《tica_files/figure-latex/unnamed-chunk-87-1.pdf, id=41
3, 419.5675pt x 275.0275pt>
File: 2a-fase-trabajo-estadiﾌ《tica_files/figure-latex/unnamed-chunk-87-1.pdf G
raphic file (type pdf)
<use 2a-fase-trabajo-estadiﾌ《tica_files/figure-latex/unnamed-chunk-87-1.pdf>
Package pdftex.def Info: 2a-fase-trabajo-estadiﾌ《tica_files/figure-latex/unnam
ed-chunk-87-1.pdf  used on input line 1892.
(pdftex.def)             Requested size: 419.56647pt x 275.02682pt.
[33 <./2a-fase-trabajo-estadiﾌ《tica_files/figure-latex/unnamed-chunk-87-1.pdf>
]
<2a-fase-trabajo-estadiﾌ《tica_files/figure-latex/unnamed-chunk-88-1.pdf, id=42
6, 407.5225pt x 193.72375pt>
File: 2a-fase-trabajo-estadiﾌ《tica_files/figure-latex/unnamed-chunk-88-1.pdf G
raphic file (type pdf)
<use 2a-fase-trabajo-estadiﾌ《tica_files/figure-latex/unnamed-chunk-88-1.pdf>
Package pdftex.def Info: 2a-fase-trabajo-estadiﾌ《tica_files/figure-latex/unnam
ed-chunk-88-1.pdf  used on input line 1970.
(pdftex.def)             Requested size: 407.52771pt x 193.72621pt.
[34] [35 <./2a-fase-trabajo-estadiﾌ《tica_files/figure-latex/unnamed-chunk-88-1
.pdf>]
<2a-fase-trabajo-estadiﾌ《tica_files/figure-latex/unnamed-chunk-88-2.pdf, id=44
3, 407.5225pt x 193.72375pt>
File: 2a-fase-trabajo-estadiﾌ《tica_files/figure-latex/unnamed-chunk-88-2.pdf G
raphic file (type pdf)
<use 2a-fase-trabajo-estadiﾌ《tica_files/figure-latex/unnamed-chunk-88-2.pdf>
Package pdftex.def Info: 2a-fase-trabajo-estadiﾌ《tica_files/figure-latex/unnam
ed-chunk-88-2.pdf  used on input line 2040.
(pdftex.def)             Requested size: 407.52771pt x 193.72621pt.
[36 <./2a-fase-trabajo-estadiﾌ《tica_files/figure-latex/unnamed-chunk-88-2.pdf>
]
<2a-fase-trabajo-estadiﾌ《tica_files/figure-latex/unnamed-chunk-88-3.pdf, id=45
5, 407.5225pt x 193.72375pt>
File: 2a-fase-trabajo-estadiﾌ《tica_files/figure-latex/unnamed-chunk-88-3.pdf G
raphic file (type pdf)
<use 2a-fase-trabajo-estadiﾌ《tica_files/figure-latex/unnamed-chunk-88-3.pdf>
Package pdftex.def Info: 2a-fase-trabajo-estadiﾌ《tica_files/figure-latex/unnam
ed-chunk-88-3.pdf  used on input line 2089.
(pdftex.def)             Requested size: 407.52771pt x 193.72621pt.
[37 <./2a-fase-trabajo-estadiﾌ《tica_files/figure-latex/unnamed-chunk-88-3.pdf>
]
<2a-fase-trabajo-estadiﾌ《tica_files/figure-latex/unnamed-chunk-88-4.pdf, id=46
8, 407.5225pt x 193.72375pt>
File: 2a-fase-trabajo-estadiﾌ《tica_files/figure-latex/unnamed-chunk-88-4.pdf G
raphic file (type pdf)
<use 2a-fase-trabajo-estadiﾌ《tica_files/figure-latex/unnamed-chunk-88-4.pdf>
Package pdftex.def Info: 2a-fase-trabajo-estadiﾌ《tica_files/figure-latex/unnam
ed-chunk-88-4.pdf  used on input line 2180.
(pdftex.def)             Requested size: 407.52771pt x 193.72621pt.
[38]
<2a-fase-trabajo-estadiﾌ《tica_files/figure-latex/unnamed-chunk-88-5.pdf, id=47
3, 419.5675pt x 275.0275pt>
File: 2a-fase-trabajo-estadiﾌ《tica_files/figure-latex/unnamed-chunk-88-5.pdf G
raphic file (type pdf)
<use 2a-fase-trabajo-estadiﾌ《tica_files/figure-latex/unnamed-chunk-88-5.pdf>
Package pdftex.def Info: 2a-fase-trabajo-estadiﾌ《tica_files/figure-latex/unnam
ed-chunk-88-5.pdf  used on input line 2188.
(pdftex.def)             Requested size: 419.56647pt x 275.02682pt.
[39 <./2a-fase-trabajo-estadiﾌ《tica_files/figure-latex/unnamed-chunk-88-4.pdf>
 <./2a-fase-trabajo-estadiﾌ《tica_files/figure-latex/unnamed-chunk-88-5.pdf>]
Package atveryend Info: Empty hook `BeforeClearDocument' on input line 2225.
[40]
Package atveryend Info: Empty hook `AfterLastShipout' on input line 2225.
(./2a-fase-trabajo-estadiﾌ《tica.aux)
Package atveryend Info: Executing hook `AtVeryEndDocument' on input line 2225.
Package atveryend Info: Executing hook `AtEndAfterFileList' on input line 2225.

Package rerunfilecheck Info: File `2a-fase-trabajo-estadiﾌ《tica.out' has not c
hanged.
(rerunfilecheck)             Checksum: 0B5E62D2827DE42F087333C46D0DD406;3674.
Package atveryend Info: Empty hook `AtVeryVeryEnd' on input line 2225.
 ) 
Here is how much of TeX's memory you used:
 10962 strings out of 482913
 168071 string characters out of 5957315
 413573 words of memory out of 5000000
 25927 multiletter control sequences out of 15000+600000
 582828 words of font info for 66 fonts, out of 8000000 for 9000
 14 hyphenation exceptions out of 8191
 34i,7n,34p,613b,460s stack positions out of 5000i,500n,10000p,200000b,80000s
{/Users/maribelcrespivalero/Library/TinyTeX/texmf-dist/fonts/enc/dvips/lm/lm-
mathsy.enc}{/Users/maribelcrespivalero/Library/TinyTeX/texmf-dist/fonts/enc/dvi
ps/lm/lm-rm.enc}{/Users/maribelcrespivalero/Library/TinyTeX/texmf-dist/fonts/en
c/dvips/lm/lm-mathit.enc}{/Users/maribelcrespivalero/Library/TinyTeX/texmf-dist
/fonts/enc/dvips/lm/lm-mathex.enc}{/Users/maribelcrespivalero/Library/TinyTeX/t
exmf-dist/fonts/enc/dvips/lm/lm-ec.enc}{/Users/maribelcrespivalero/Library/Tiny
TeX/texmf-dist/fonts/enc/dvips/lm/lm-ts1.enc}</Users/maribelcrespivalero/Librar
y/TinyTeX/texmf-dist/fonts/type1/public/lm/lmbx10.pfb></Users/maribelcrespivale
ro/Library/TinyTeX/texmf-dist/fonts/type1/public/lm/lmbx12.pfb></Users/maribelc
respivalero/Library/TinyTeX/texmf-dist/fonts/type1/public/lm/lmex10.pfb></Users
/maribelcrespivalero/Library/TinyTeX/texmf-dist/fonts/type1/public/lm/lmmi10.pf
b></Users/maribelcrespivalero/Library/TinyTeX/texmf-dist/fonts/type1/public/lm/
lmr10.pfb></Users/maribelcrespivalero/Library/TinyTeX/texmf-dist/fonts/type1/pu
blic/lm/lmr12.pfb></Users/maribelcrespivalero/Library/TinyTeX/texmf-dist/fonts/
type1/public/lm/lmr17.pfb></Users/maribelcrespivalero/Library/TinyTeX/texmf-dis
t/fonts/type1/public/lm/lmr7.pfb></Users/maribelcrespivalero/Library/TinyTeX/te
xmf-dist/fonts/type1/public/lm/lmri10.pfb></Users/maribelcrespivalero/Library/T
inyTeX/texmf-dist/fonts/type1/public/lm/lmsy10.pfb></Users/maribelcrespivalero/
Library/TinyTeX/texmf-dist/fonts/type1/public/lm/lmtk10.pfb></Users/maribelcres
pivalero/Library/TinyTeX/texmf-dist/fonts/type1/public/lm/lmtt10.pfb>
Output written on 2a-fase-trabajo-estadiﾌ《tica.pdf (40 pages, 883360 bytes).
PDF statistics:
 568 PDF objects out of 1000 (max. 8388607)
 441 compressed objects within 5 object streams
 86 named destinations out of 1000 (max. 500000)
 260 words of extra memory for PDF output out of 10000 (max. 10000000)

